<?xml version="1.0" encoding="UTF-8"?>
<!-- Generated by org.testng.reporters.JUnitReportReporter -->
<testsuite hostname="DESKTOP-B36PNV6" failures="0" tests="1" name="coverFoxUsingTestNg.CF_TC555_Validate_search_results_for_healthcare_policies" time="25.974" errors="0" timestamp="2024-01-12T12:40:28 IST" skipped="0">
  <testcase classname="coverFoxUsingTestNg.CF_TC555_Validate_search_results_for_healthcare_policies" name="validateTestPlansFromTextAndBanners" time="25.974">
    <system-out>
      <![CDATA[TC validateTestPlansFromTextAndBanners execution is started
Fetching number of results from text 
Fetching number of results from Banners 
TC validateTestPlansFromTextAndBanners is completed successfully]]>
    </system-out>
  </testcase> <!-- validateTestPlansFromTextAndBanners -->
  <system-out>
    <![CDATA[Opening browser 
clicking on gender button 
clicking on next button 
Handeling age drop down 
Clicking on next button 
Entering pin code 
Entering mobile num 
Clicking on continue button 
TC validateTestPlansFromTextAndBanners execution is started
Fetching number of results from text 
Fetching number of results from Banners 
TC validateTestPlansFromTextAndBanners is completed successfully
Closing browser ]]>
  </system-out>
</testsuite> <!-- coverFoxUsingTestNg.CF_TC555_Validate_search_results_for_healthcare_policies -->
